生成启动时间为 3/21/2015 4:56:05 PM。
     1>项目“C:\Users\Vanny\Documents\Visual Studio 2010\Projects\Demo\PAT\PAT.vcxproj”在节点 2 上(build 个目标)。
     1>InitializeBuildStatus:
         正在创建“Debug\PAT.unsuccessfulbuild”，因为已指定“AlwaysCreate”。
       ClCompile:
         所有输出均为最新。
         所有输出均为最新。
       ManifestResourceCompile:
         所有输出均为最新。
       Link:
         C:\Program Files (x86)\Microsoft Visual Studio 10.0\VC\bin\link.exe /ERRORREPORT:PROMPT /OUT:"C:\Users\Vanny\Documents\Visual Studio 2010\Projects\Demo\Debug\PAT.exe" /INCREMENTAL /NOLOGO kernel32.lib user32.lib gdi32.lib winspool.lib comdlg32.lib advapi32.lib shell32.lib ole32.lib oleaut32.lib uuid.lib odbc32.lib odbccp32.lib /MANIFEST /ManifestFile:"Debug\PAT.exe.intermediate.manifest" /MANIFESTUAC:"level='asInvoker' uiAccess='false'" /DEBUG /PDB:"C:\Users\Vanny\Documents\Visual Studio 2010\Projects\Demo\Debug\PAT.pdb" /SUBSYSTEM:CONSOLE /TLBID:1 /DYNAMICBASE /NXCOMPAT /IMPLIB:"C:\Users\Vanny\Documents\Visual Studio 2010\Projects\Demo\Debug\PAT.lib" /MACHINE:X86 Debug\PAT.exe.embed.manifest.res
         Debug\PAT.obj
         Debug\stdafx.obj
       Manifest:
         C:\Program Files (x86)\Microsoft SDKs\Windows\v7.0A\bin\mt.exe /nologo /verbose /out:"Debug\PAT.exe.embed.manifest" /manifest Debug\PAT.exe.intermediate.manifest
         所有输出均为最新。
       LinkEmbedManifest:
         所有输出均为最新。
         PAT.vcxproj -> C:\Users\Vanny\Documents\Visual Studio 2010\Projects\Demo\Debug\PAT.exe
       FinalizeBuildStatus:
         正在删除文件“Debug\PAT.unsuccessfulbuild”。
         正在对“Debug\PAT.lastbuildstate”执行 Touch 任务。
     1>已完成生成项目“C:\Users\Vanny\Documents\Visual Studio 2010\Projects\Demo\PAT\PAT.vcxproj”(build 个目标)的操作。

生成成功。

已用时间 00:00:00.35
